<?xml version="1.0" encoding="UTF-8" standalone="yes"?><!DOCTYPE report PUBLIC "-//JACOCO//DTD Report 1.1//EN"
        "report.dtd">
<report name="TestRepo1">
    <sessioninfo id="a483e7d5de87.ant.amazon.com-358884e6" start="1590519696000" dump="1590519696345"/>
    <package name="">
        <class name="CodeCoverageSample" sourcefilename="CodeCoverageSample.java">
            <method name="&lt;init&gt;" desc="()V" line="8">
                <counter type="INSTRUCTION" missed="3" covered="0"/>
                <counter type="LINE" missed="1" covered="0"/>
                <counter type="COMPLEXITY" missed="1" covered="0"/>
                <counter type="METHOD" missed="1" covered="0"/>
            </method>
            <method name="main" desc="([Ljava/lang/String;)V" line="12">
                <counter type="INSTRUCTION" missed="5" covered="0"/>
                <counter type="LINE" missed="2" covered="0"/>
                <counter type="COMPLEXITY" missed="1" covered="0"/>
                <counter type="METHOD" missed="1" covered="0"/>
            </method>
            <method name="getSanMap" desc="()Ljava/util/Map;" line="17">
                <counter type="INSTRUCTION" missed="3" covered="23"/>
                <counter type="BRANCH" missed="1" covered="1"/>
                <counter type="LINE" missed="1" covered="5"/>
                <counter type="COMPLEXITY" missed="1" covered="1"/>
                <counter type="METHOD" missed="0" covered="1"/>
            </method>
            <method name="lambda$getSanMap$1" desc="(Ljava/lang/String;)Ljava/lang/Object;" line="30">
                <counter type="INSTRUCTION" missed="0" covered="2"/>
                <counter type="LINE" missed="0" covered="1"/>
                <counter type="COMPLEXITY" missed="0" covered="1"/>
                <counter type="METHOD" missed="0" covered="1"/>
            </method>
            <method name="lambda$getSanMap$0" desc="(Ljava/lang/String;)Ljava/lang/String;" line="30">
                <counter type="INSTRUCTION" missed="0" covered="2"/>
                <counter type="LINE" missed="0" covered="1"/>
                <counter type="COMPLEXITY" missed="0" covered="1"/>
                <counter type="METHOD" missed="0" covered="1"/>
            </method>
            <counter type="INSTRUCTION" missed="11" covered="27"/>
            <counter type="BRANCH" missed="1" covered="1"/>
            <counter type="LINE" missed="4" covered="5"/>
            <counter type="COMPLEXITY" missed="3" covered="3"/>
            <counter type="METHOD" missed="2" covered="3"/>
            <counter type="CLASS" missed="0" covered="1"/>
        </class>
        <class name="AnotherSample" sourcefilename="AnotherSample.java">
            <method name="&lt;init&gt;" desc="()V" line="1">
                <counter type="INSTRUCTION" missed="3" covered="0"/>
                <counter type="LINE" missed="1" covered="0"/>
                <counter type="COMPLEXITY" missed="1" covered="0"/>
                <counter type="METHOD" missed="1" covered="0"/>
            </method>
            <method name="method1" desc="()V" line="3">
                <counter type="INSTRUCTION" missed="0" covered="4"/>
                <counter type="LINE" missed="0" covered="2"/>
                <counter type="COMPLEXITY" missed="0" covered="1"/>
                <counter type="METHOD" missed="0" covered="1"/>
            </method>
            <method name="method2" desc="()V" line="7">
                <counter type="INSTRUCTION" missed="4" covered="0"/>
                <counter type="LINE" missed="2" covered="0"/>
                <counter type="COMPLEXITY" missed="1" covered="0"/>
                <counter type="METHOD" missed="1" covered="0"/>
            </method>
            <counter type="INSTRUCTION" missed="7" covered="4"/>
            <counter type="LINE" missed="3" covered="2"/>
            <counter type="COMPLEXITY" missed="2" covered="1"/>
            <counter type="METHOD" missed="2" covered="1"/>
            <counter type="CLASS" missed="0" covered="1"/>
        </class>
        <class name="CodeCoverageSample$1" sourcefilename="CodeCoverageSample.java">
            <method name="&lt;init&gt;" desc="()V" line="18">
                <counter type="INSTRUCTION" missed="0" covered="7"/>
                <counter type="LINE" missed="0" covered="3"/>
                <counter type="COMPLEXITY" missed="0" covered="1"/>
                <counter type="METHOD" missed="0" covered="1"/>
            </method>
            <counter type="INSTRUCTION" missed="0" covered="7"/>
            <counter type="LINE" missed="0" covered="3"/>
            <counter type="COMPLEXITY" missed="0" covered="1"/>
            <counter type="METHOD" missed="0" covered="1"/>
            <counter type="CLASS" missed="0" covered="1"/>
        </class>
        <sourcefile name="AnotherSample.java">
            <line nr="1" mi="3" ci="0" mb="0" cb="0"/>
            <line nr="3" mi="0" ci="3" mb="0" cb="0"/>
            <line nr="4" mi="0" ci="1" mb="0" cb="0"/>
            <line nr="7" mi="3" ci="0" mb="0" cb="0"/>
            <line nr="8" mi="1" ci="0" mb="0" cb="0"/>
            <counter type="INSTRUCTION" missed="7" covered="4"/>
            <counter type="LINE" missed="3" covered="2"/>
            <counter type="COMPLEXITY" missed="2" covered="1"/>
            <counter type="METHOD" missed="2" covered="1"/>
            <counter type="CLASS" missed="0" covered="1"/>
        </sourcefile>
        <sourcefile name="CodeCoverageSample.java">
            <line nr="8" mi="3" ci="0" mb="0" cb="0"/>
            <line nr="12" mi="4" ci="0" mb="0" cb="0"/>
            <line nr="14" mi="1" ci="0" mb="0" cb="0"/>
            <line nr="17" mi="0" ci="4" mb="0" cb="0"/>
            <line nr="18" mi="0" ci="6" mb="0" cb="0"/>
            <line nr="20" mi="0" ci="4" mb="0" cb="0"/>
            <line nr="21" mi="0" ci="1" mb="0" cb="0"/>
            <line nr="24" mi="0" ci="3" mb="1" cb="1"/>
            <line nr="25" mi="0" ci="4" mb="0" cb="0"/>
            <line nr="27" mi="3" ci="0" mb="0" cb="0"/>
            <line nr="30" mi="0" ci="12" mb="0" cb="0"/>
            <counter type="INSTRUCTION" missed="11" covered="34"/>
            <counter type="BRANCH" missed="1" covered="1"/>
            <counter type="LINE" missed="4" covered="7"/>
            <counter type="COMPLEXITY" missed="3" covered="4"/>
            <counter type="METHOD" missed="2" covered="4"/>
            <counter type="CLASS" missed="0" covered="2"/>
        </sourcefile>
        <counter type="INSTRUCTION" missed="18" covered="38"/>
        <counter type="BRANCH" missed="1" covered="1"/>
        <counter type="LINE" missed="7" covered="9"/>
        <counter type="COMPLEXITY" missed="5" covered="5"/>
        <counter type="METHOD" missed="4" covered="5"/>
        <counter type="CLASS" missed="0" covered="3"/>
    </package>
    <package name="EmptyClasses">
        <class name="EmptyClasses/EmptyWithClassFile2" sourcefilename="EmptyWithClassFile2.java">
            <method name="&lt;init&gt;" desc="()V" line="2">
                <counter type="INSTRUCTION" missed="3" covered="0"/>
                <counter type="LINE" missed="1" covered="0"/>
                <counter type="COMPLEXITY" missed="1" covered="0"/>
                <counter type="METHOD" missed="1" covered="0"/>
            </method>
            <counter type="INSTRUCTION" missed="3" covered="0"/>
            <counter type="LINE" missed="1" covered="0"/>
            <counter type="COMPLEXITY" missed="1" covered="0"/>
            <counter type="METHOD" missed="1" covered="0"/>
            <counter type="CLASS" missed="1" covered="0"/>
        </class>
        <class name="EmptyClasses/EmptyWithClassFile1" sourcefilename="EmptyWithClassFile1.java">
            <method name="&lt;init&gt;" desc="()V" line="2">
                <counter type="INSTRUCTION" missed="3" covered="0"/>
                <counter type="LINE" missed="1" covered="0"/>
                <counter type="COMPLEXITY" missed="1" covered="0"/>
                <counter type="METHOD" missed="1" covered="0"/>
            </method>
            <counter type="INSTRUCTION" missed="3" covered="0"/>
            <counter type="LINE" missed="1" covered="0"/>
            <counter type="COMPLEXITY" missed="1" covered="0"/>
            <counter type="METHOD" missed="1" covered="0"/>
            <counter type="CLASS" missed="1" covered="0"/>
        </class>
        <sourcefile name="EmptyWithClassFile2.java">
            <line nr="2" mi="3" ci="0" mb="0" cb="0"/>
            <counter type="INSTRUCTION" missed="3" covered="0"/>
            <counter type="LINE" missed="1" covered="0"/>
            <counter type="COMPLEXITY" missed="1" covered="0"/>
            <counter type="METHOD" missed="1" covered="0"/>
            <counter type="CLASS" missed="1" covered="0"/>
        </sourcefile>
        <sourcefile name="EmptyWithClassFile1.java">
            <line nr="2" mi="3" ci="0" mb="0" cb="0"/>
            <counter type="INSTRUCTION" missed="3" covered="0"/>
            <counter type="LINE" missed="1" covered="0"/>
            <counter type="COMPLEXITY" missed="1" covered="0"/>
            <counter type="METHOD" missed="1" covered="0"/>
            <counter type="CLASS" missed="1" covered="0"/>
        </sourcefile>
        <counter type="INSTRUCTION" missed="6" covered="0"/>
        <counter type="LINE" missed="2" covered="0"/>
        <counter type="COMPLEXITY" missed="2" covered="0"/>
        <counter type="METHOD" missed="2" covered="0"/>
        <counter type="CLASS" missed="2" covered="0"/>
    </package>
    <package name="EmptyClasses/NestedPackage">
        <class name="EmptyClasses/NestedPackage/File1" sourcefilename="File1.java">
            <method name="&lt;init&gt;" desc="()V" line="2">
                <counter type="INSTRUCTION" missed="3" covered="0"/>
                <counter type="LINE" missed="1" covered="0"/>
                <counter type="COMPLEXITY" missed="1" covered="0"/>
                <counter type="METHOD" missed="1" covered="0"/>
            </method>
            <counter type="INSTRUCTION" missed="3" covered="0"/>
            <counter type="LINE" missed="1" covered="0"/>
            <counter type="COMPLEXITY" missed="1" covered="0"/>
            <counter type="METHOD" missed="1" covered="0"/>
            <counter type="CLASS" missed="1" covered="0"/>
        </class>
        <class name="EmptyClasses/NestedPackage/File2" sourcefilename="File2.java">
            <method name="&lt;init&gt;" desc="()V" line="2">
                <counter type="INSTRUCTION" missed="3" covered="0"/>
                <counter type="LINE" missed="1" covered="0"/>
                <counter type="COMPLEXITY" missed="1" covered="0"/>
                <counter type="METHOD" missed="1" covered="0"/>
            </method>
            <counter type="INSTRUCTION" missed="3" covered="0"/>
            <counter type="LINE" missed="1" covered="0"/>
            <counter type="COMPLEXITY" missed="1" covered="0"/>
            <counter type="METHOD" missed="1" covered="0"/>
            <counter type="CLASS" missed="1" covered="0"/>
        </class>
        <sourcefile name="File1.java">
            <line nr="2" mi="3" ci="0" mb="0" cb="0"/>
            <counter type="INSTRUCTION" missed="3" covered="0"/>
            <counter type="LINE" missed="1" covered="0"/>
            <counter type="COMPLEXITY" missed="1" covered="0"/>
            <counter type="METHOD" missed="1" covered="0"/>
            <counter type="CLASS" missed="1" covered="0"/>
        </sourcefile>
        <sourcefile name="File2.java">
            <line nr="2" mi="3" ci="0" mb="0" cb="0"/>
            <counter type="INSTRUCTION" missed="3" covered="0"/>
            <counter type="LINE" missed="1" covered="0"/>
            <counter type="COMPLEXITY" missed="1" covered="0"/>
            <counter type="METHOD" missed="1" covered="0"/>
            <counter type="CLASS" missed="1" covered="0"/>
        </sourcefile>
        <counter type="INSTRUCTION" missed="6" covered="0"/>
        <counter type="LINE" missed="2" covered="0"/>
        <counter type="COMPLEXITY" missed="2" covered="0"/>
        <counter type="METHOD" missed="2" covered="0"/>
        <counter type="CLASS" missed="2" covered="0"/>
    </package>
    <counter type="INSTRUCTION" missed="30" covered="38"/>
    <counter type="BRANCH" missed="1" covered="1"/>
    <counter type="LINE" missed="11" covered="9"/>
    <counter type="COMPLEXITY" missed="9" covered="5"/>
    <counter type="METHOD" missed="8" covered="5"/>
    <counter type="CLASS" missed="4" covered="3"/>
</report>